[debug] > Exec(reload, None, None)
[debug] > Exec(sbtStashOnFailure, None, None)
[debug] > Exec(onFailure loadFailed, None, None)
[debug] > Exec(loadp, None, None)
[info] welcome to sbt 1.9.7 (Oracle Corporation Java 17.0.2)
[debug]                   Load.loadUnit: plugins took 17.7207ms
[debug]                   Load.loadUnit: defsScala took 0.0028ms
[debug] [Loading] Scanning directory C:\Users\Vinh\.sbt\1.0\plugins
[debug] [Loading] Found non-root projects 
[debug] [Loading] Done in C:\Users\Vinh\.sbt\1.0\plugins, returning: ()
[debug] deducing auto plugins based on known facts Set(Atom(sbt.plugins.CorePlugin)) and clauses Clauses(Clause(Atom(sbt.plugins.JvmPlugin),Set(Atom(sbt.plugins.IvyPlugin)))
[debug] Clause(Atom(sbt.ScriptedPlugin),Set(Atom(sbt.plugins.JvmPlugin)))
[debug] Clause(Atom(sbt.plugins.SbtPlugin),Set(Atom(sbt.ScriptedPlugin)))
[debug] Clause(Atom(sbt.plugins.SemanticdbPlugin),Set(Atom(sbt.plugins.JvmPlugin)))
[debug] Clause(Atom(sbt.plugins.JUnitXmlReportPlugin),Set(Atom(sbt.plugins.JvmPlugin)))
[debug] Clause(Atom(sbt.plugins.MiniDependencyTreePlugin),Set(Atom(sbt.plugins.JvmPlugin)))
[debug] Clause(Atom(sbt.plugins.CorePlugin),Set(Atom(sbt.plugins.IvyPlugin)))
[debug] Clause(Atom(sbt.plugins.IvyPlugin),Set(Atom(sbt.plugins.JvmPlugin)))
[debug] Clause(Atom(sbt.plugins.JvmPlugin),Set(Atom(sbt.plugins.SemanticdbPlugin)))
[debug] Clause(Atom(sbt.plugins.JvmPlugin),Set(Atom(sbt.plugins.JUnitXmlReportPlugin)))
[debug] Clause(Atom(sbt.plugins.CorePlugin),Set(Atom(sbt.plugins.Giter8TemplatePlugin)))
[debug] Clause(Atom(sbt.plugins.JvmPlugin),Set(Atom(sbt.plugins.MiniDependencyTreePlugin))))
[debug]   :: deduced result: Matched(sbt.plugins.CorePlugin,sbt.plugins.Giter8TemplatePlugin,sbt.plugins.IvyPlugin,sbt.plugins.JvmPlugin,sbt.plugins.MiniDependencyTreePlugin,sbt.plugins.JUnitXmlReportPlugin,sbt.plugins.SemanticdbPlugin)
[debug] Plugins.deducer#function took 11.0396 ms
[debug]                       Load.resolveProject(global-plugins) took 1.12ms
[debug]                     Load.loadTransitive: finalizeProject(Project(id global-plugins, base: C:\Users\Vinh\.sbt\1.0\plugins, plugins: List(<none>))) took 12.4613ms
[debug] [Loading] Done in C:\Users\Vinh\.sbt\1.0\plugins, returning: (global-plugins)
[debug]                   Load.loadUnit: loadedProjectsRaw took 13.2415ms
[debug]                   Load.loadUnit: cleanEvalClasses took 0.0088ms
[debug]                 Load.loadUnit(file:/C:/Users/Vinh/.sbt/1.0/plugins/, ...) took 31.5462ms
[debug]               Load.apply: load took 32.4379ms
[debug]               Load.apply: resolveProjects took 0.0771ms
[debug]               Load.apply: finalTransforms took 20.8857ms
[debug]               Load.apply: config.delegates took 0.5412ms
[debug]               Load.apply: Def.make(settings)... took 66.1684ms
[debug]               Load.apply: structureIndex took 20.4968ms
[debug]               Load.apply: mkStreams took 0.0039ms
[info] loading global plugins from C:\Users\Vinh\.sbt\1.0\plugins
[debug] Running task... Cancel: Signal, check cycles: false, forcegc: true
[debug]             Load.defaultLoad until apply took 312.805ms
[debug]                                   Load.loadUnit: plugins took 21.9072ms
[debug]                                   Load.loadUnit: defsScala took 0.0037ms
[debug] [Loading] Scanning directory C:\Users\Vinh\Desktop\Job\VinhLearningDE\project\project\project
[debug]                                     Load.loadUnit: mkEval took 0.2313ms
[debug] [Loading] Found non-root projects 
[debug] [Loading] Done in C:\Users\Vinh\Desktop\Job\VinhLearningDE\project\project\project, returning: ()
[debug] deducing auto plugins based on known facts Set(Atom(sbt.plugins.CorePlugin)) and clauses Clauses(Clause(Atom(sbt.plugins.JvmPlugin),Set(Atom(sbt.plugins.IvyPlugin)))
[debug] Clause(Atom(sbt.ScriptedPlugin),Set(Atom(sbt.plugins.JvmPlugin)))
[debug] Clause(Atom(sbt.plugins.SbtPlugin),Set(Atom(sbt.ScriptedPlugin)))
[debug] Clause(Atom(sbt.plugins.SemanticdbPlugin),Set(Atom(sbt.plugins.JvmPlugin)))
[debug] Clause(Atom(sbt.plugins.JUnitXmlReportPlugin),Set(Atom(sbt.plugins.JvmPlugin)))
[debug] Clause(Atom(sbt.plugins.MiniDependencyTreePlugin),Set(Atom(sbt.plugins.JvmPlugin)))
[debug] Clause(Atom(sbt.plugins.CorePlugin),Set(Atom(sbt.plugins.IvyPlugin)))
[debug] Clause(Atom(sbt.plugins.IvyPlugin),Set(Atom(sbt.plugins.JvmPlugin)))
[debug] Clause(Atom(sbt.plugins.JvmPlugin),Set(Atom(sbt.plugins.SemanticdbPlugin)))
[debug] Clause(Atom(sbt.plugins.JvmPlugin),Set(Atom(sbt.plugins.JUnitXmlReportPlugin)))
[debug] Clause(Atom(sbt.plugins.CorePlugin),Set(Atom(sbt.plugins.Giter8TemplatePlugin)))
[debug] Clause(Atom(sbt.plugins.JvmPlugin),Set(Atom(sbt.plugins.MiniDependencyTreePlugin))))
[debug]   :: deduced result: Matched(sbt.plugins.CorePlugin,sbt.plugins.Giter8TemplatePlugin,sbt.plugins.IvyPlugin,sbt.plugins.JvmPlugin,sbt.plugins.MiniDependencyTreePlugin,sbt.plugins.JUnitXmlReportPlugin,sbt.plugins.SemanticdbPlugin)
[debug] Plugins.deducer#function took 1.646 ms
[info] loading settings for project vinhlearningde-build-build-build from metals.sbt ...
[debug]                                       Load.resolveProject(vinhlearningde-build-build-build) took 1.7507ms
[debug]                                     Load.loadTransitive: finalizeProject(Project(id vinhlearningde-build-build-build, base: C:\Users\Vinh\Desktop\Job\VinhLearningDE\project\project\project, plugins: List(<none>))) took 3.7685ms
[debug] [Loading] Done in C:\Users\Vinh\Desktop\Job\VinhLearningDE\project\project\project, returning: (vinhlearningde-build-build-build)
[debug]                                   Load.loadUnit: loadedProjectsRaw took 19.1482ms
[debug]                                   Load.loadUnit: cleanEvalClasses took 4.0566ms
[debug]                                 Load.loadUnit(file:/C:/Users/Vinh/Desktop/Job/VinhLearningDE/project/project/project/, ...) took 46.0226ms
[debug]                               Load.apply: load took 47.3342ms
[debug]                               Load.apply: resolveProjects took 0.0885ms
[debug]                               Load.apply: finalTransforms took 4.6699ms
[debug]                               Load.apply: config.delegates took 0.2042ms
[debug]                               Load.apply: Def.make(settings)... took 37.7469ms
[debug]                               Load.apply: structureIndex took 30.7629ms
[debug]                               Load.apply: mkStreams took 0.0026ms
[info] loading project definition from C:\Users\Vinh\Desktop\Job\VinhLearningDE\project\project\project
[debug] Running task... Cancel: Signal, check cycles: false, forcegc: true
[debug]                             Load.loadUnit: plugins took 223.0714ms
[debug]                             Load.loadUnit: defsScala took 0.0027ms
[debug] [Loading] Scanning directory C:\Users\Vinh\Desktop\Job\VinhLearningDE\project\project
[debug]                               Load.loadUnit: mkEval took 0.4249ms
[debug] [Loading] Found non-root projects 
[debug] [Loading] Done in C:\Users\Vinh\Desktop\Job\VinhLearningDE\project\project, returning: ()
[debug] deducing auto plugins based on known facts Set(Atom(sbt.plugins.CorePlugin)) and clauses Clauses(Clause(Atom(sbt.plugins.JvmPlugin),Set(Atom(sbt.plugins.IvyPlugin)))
[debug] Clause(Atom(sbt.ScriptedPlugin),Set(Atom(sbt.plugins.JvmPlugin)))
[debug] Clause(Atom(sbt.plugins.SbtPlugin),Set(Atom(sbt.ScriptedPlugin)))
[debug] Clause(Atom(sbt.plugins.SemanticdbPlugin),Set(Atom(sbt.plugins.JvmPlugin)))
[debug] Clause(Atom(sbt.plugins.JUnitXmlReportPlugin),Set(Atom(sbt.plugins.JvmPlugin)))
[debug] Clause(Atom(sbt.plugins.MiniDependencyTreePlugin),Set(Atom(sbt.plugins.JvmPlugin)))
[debug] Clause(Atom(bloop.integrations.sbt.BloopPlugin),Set(Atom(sbt.plugins.JvmPlugin)))
[debug] Clause(Atom(sbt.plugins.CorePlugin),Set(Atom(sbt.plugins.IvyPlugin)))
[debug] Clause(Atom(sbt.plugins.IvyPlugin),Set(Atom(sbt.plugins.JvmPlugin)))
[debug] Clause(Atom(sbt.plugins.JvmPlugin),Set(Atom(sbt.plugins.SemanticdbPlugin)))
[debug] Clause(Atom(sbt.plugins.JvmPlugin),Set(Atom(sbt.plugins.JUnitXmlReportPlugin)))
[debug] Clause(Atom(sbt.plugins.CorePlugin),Set(Atom(sbt.plugins.Giter8TemplatePlugin)))
[debug] Clause(Atom(sbt.plugins.JvmPlugin),Set(Atom(sbt.plugins.MiniDependencyTreePlugin)))
[debug] Clause(Atom(sbt.plugins.JvmPlugin),Set(Atom(bloop.integrations.sbt.BloopPlugin))))
[debug]   :: deduced result: Matched(sbt.plugins.CorePlugin,sbt.plugins.Giter8TemplatePlugin,sbt.plugins.IvyPlugin,sbt.plugins.JvmPlugin,bloop.integrations.sbt.BloopPlugin,sbt.plugins.MiniDependencyTreePlugin,sbt.plugins.JUnitXmlReportPlugin,sbt.plugins.SemanticdbPlugin)
[debug] Plugins.deducer#function took 0.9683 ms
[info] loading settings for project vinhlearningde-build-build from metals.sbt ...
[debug]                                 Load.resolveProject(vinhlearningde-build-build) took 19.7122ms
[debug]                               Load.loadTransitive: finalizeProject(Project(id vinhlearningde-build-build, base: C:\Users\Vinh\Desktop\Job\VinhLearningDE\project\project, plugins: List(<none>))) took 21.0214ms
[debug] [Loading] Done in C:\Users\Vinh\Desktop\Job\VinhLearningDE\project\project, returning: (vinhlearningde-build-build)
[debug]                             Load.loadUnit: loadedProjectsRaw took 36.9309ms
[debug]                             Load.loadUnit: cleanEvalClasses took 3.6217ms
[debug]                           Load.loadUnit(file:/C:/Users/Vinh/Desktop/Job/VinhLearningDE/project/project/, ...) took 264.3104ms
[debug]                         Load.apply: load took 265.2593ms
[debug]                         Load.apply: resolveProjects took 0.0773ms
[debug]                         Load.apply: finalTransforms took 7.9232ms
[debug]                         Load.apply: config.delegates took 0.3285ms
[debug]                         Load.apply: Def.make(settings)... took 40.5689ms
[debug]                         Load.apply: structureIndex took 13.3045ms
[debug]                         Load.apply: mkStreams took 0.0031ms
[info] loading project definition from C:\Users\Vinh\Desktop\Job\VinhLearningDE\project\project
[debug] Evaluating tasks: bloopInstall
[debug] Running task... Cancel: Signal, check cycles: false, forcegc: true
[success] Generated .bloop\vinhlearningde-build-build.json
[success] Total time: 1 s, completed Nov 23, 2023, 2:22:23 PM
[debug] Running task... Cancel: Signal, check cycles: false, forcegc: true
[debug]                       Load.loadUnit: plugins took 1213.2503ms
[debug]                       Load.loadUnit: defsScala took 0.0036ms
[debug] [Loading] Scanning directory C:\Users\Vinh\Desktop\Job\VinhLearningDE\project
[debug]                         Load.loadUnit: mkEval took 0.2814ms
[debug] [Loading] Found non-root projects 
[debug] [Loading] Done in C:\Users\Vinh\Desktop\Job\VinhLearningDE\project, returning: ()
[debug] deducing auto plugins based on known facts Set(Atom(sbt.plugins.CorePlugin)) and clauses Clauses(Clause(Atom(sbt.plugins.JvmPlugin),Set(Atom(sbt.plugins.IvyPlugin)))
[debug] Clause(Atom(sbt.ScriptedPlugin),Set(Atom(sbt.plugins.JvmPlugin)))
[debug] Clause(Atom(sbt.plugins.SbtPlugin),Set(Atom(sbt.ScriptedPlugin)))
[debug] Clause(Atom(sbt.plugins.SemanticdbPlugin),Set(Atom(sbt.plugins.JvmPlugin)))
[debug] Clause(Atom(sbt.plugins.JUnitXmlReportPlugin),Set(Atom(sbt.plugins.JvmPlugin)))
[debug] Clause(Atom(sbt.plugins.MiniDependencyTreePlugin),Set(Atom(sbt.plugins.JvmPlugin)))
[debug] Clause(Atom(bloop.integrations.sbt.BloopPlugin),Set(Atom(sbt.plugins.JvmPlugin)))
[debug] Clause(Atom(sbt.plugins.CorePlugin),Set(Atom(sbt.plugins.IvyPlugin)))
[debug] Clause(Atom(sbt.plugins.IvyPlugin),Set(Atom(sbt.plugins.JvmPlugin)))
[debug] Clause(Atom(sbt.plugins.JvmPlugin),Set(Atom(sbt.plugins.SemanticdbPlugin)))
[debug] Clause(Atom(sbt.plugins.JvmPlugin),Set(Atom(sbt.plugins.JUnitXmlReportPlugin)))
[debug] Clause(Atom(sbt.plugins.CorePlugin),Set(Atom(sbt.plugins.Giter8TemplatePlugin)))
[debug] Clause(Atom(sbt.plugins.JvmPlugin),Set(Atom(sbt.plugins.MiniDependencyTreePlugin)))
[debug] Clause(Atom(sbt.plugins.JvmPlugin),Set(Atom(bloop.integrations.sbt.BloopPlugin))))
[debug]   :: deduced result: Matched(sbt.plugins.CorePlugin,sbt.plugins.Giter8TemplatePlugin,sbt.plugins.IvyPlugin,sbt.plugins.JvmPlugin,bloop.integrations.sbt.BloopPlugin,sbt.plugins.MiniDependencyTreePlugin,sbt.plugins.JUnitXmlReportPlugin,sbt.plugins.SemanticdbPlugin)
[debug] Plugins.deducer#function took 1.0508 ms
[info] loading settings for project vinhlearningde-build from metals.sbt,plugins.sbt,idea.sbt ...
[debug]                           Load.resolveProject(vinhlearningde-build) took 19.0773ms
[debug]                         Load.loadTransitive: finalizeProject(Project(id vinhlearningde-build, base: C:\Users\Vinh\Desktop\Job\VinhLearningDE\project, plugins: List(<none>))) took 20.4713ms
[debug] [Loading] Done in C:\Users\Vinh\Desktop\Job\VinhLearningDE\project, returning: (vinhlearningde-build)
[debug]                       Load.loadUnit: loadedProjectsRaw took 95.2867ms
[debug]                       Load.loadUnit: cleanEvalClasses took 12.9381ms
[debug]                     Load.loadUnit(file:/C:/Users/Vinh/Desktop/Job/VinhLearningDE/project/, ...) took 1322.2159ms
[debug]                   Load.apply: load took 1323.1626ms
[debug]                   Load.apply: resolveProjects took 0.0651ms
[debug]                   Load.apply: finalTransforms took 8.9684ms
[debug]                   Load.apply: config.delegates took 0.161ms
[debug]                   Load.apply: Def.make(settings)... took 30.6581ms
[debug]                   Load.apply: structureIndex took 11.298ms
[debug]                   Load.apply: mkStreams took 0.0036ms
[info] loading project definition from C:\Users\Vinh\Desktop\Job\VinhLearningDE\project
[debug] Evaluating tasks: bloopInstall
[debug] Running task... Cancel: Signal, check cycles: false, forcegc: true
[warn] Unrecognized repository Scala Plugin Bundled Repository, ignoring it
[warn] Unrecognized repository Scala Plugin Bundled Repository, ignoring it
[warn] Canceling execution...
[error] Cancelled: loadp
[error] Cancelled: loadp
[error] Use 'last' for the full log.
[debug] > Exec(loadFailed, None, None)
[warn] Project loading failed: (r)etry, (q)uit, (l)ast, or (i)gnore? (default: r)
